<?xml version="1.0" encoding="UTF-8"?>
<coverage generated="1547660968801" clover="3.2.0">
  <project timestamp="1547660968801" name="All files">
    <metrics statements="192" coveredstatements="189" conditionals="21" coveredconditionals="19" methods="43" coveredmethods="42" elements="256" coveredelements="250" complexity="0" loc="192" ncloc="192" packages="2" files="5" classes="5">
      <package name="src">
        <metrics statements="191" coveredstatements="188" conditionals="21" coveredconditionals="19" methods="43" coveredmethods="42"/>
        <file name="app.js" path="/Users/justin/Documents/emoji-feedback/src/app.js">
          <metrics statements="63" coveredstatements="61" conditionals="17" coveredconditionals="16" methods="21" coveredmethods="20"/>
          <line num="17" count="1" type="stmt"/>
          <line num="18" count="13" type="stmt"/>
          <line num="29" count="13" type="stmt"/>
          <line num="30" count="4" type="stmt"/>
          <line num="31" count="4" type="stmt"/>
          <line num="32" count="4" type="stmt"/>
          <line num="33" count="4" type="stmt"/>
          <line num="34" count="4" type="stmt"/>
          <line num="36" count="4" type="stmt"/>
          <line num="37" count="4" type="cond" truecount="2" falsecount="0"/>
          <line num="38" count="3" type="stmt"/>
          <line num="40" count="1" type="stmt"/>
          <line num="45" count="13" type="stmt"/>
          <line num="46" count="8" type="stmt"/>
          <line num="47" count="8" type="stmt"/>
          <line num="48" count="1" type="cond" truecount="1" falsecount="1"/>
          <line num="49" count="1" type="stmt"/>
          <line num="50" count="1" type="stmt"/>
          <line num="51" count="1" type="stmt"/>
          <line num="53" count="1" type="stmt"/>
          <line num="54" count="1" type="stmt"/>
          <line num="55" count="1" type="stmt"/>
          <line num="59" count="0" type="stmt"/>
          <line num="60" count="0" type="stmt"/>
          <line num="67" count="8" type="stmt"/>
          <line num="70" count="13" type="stmt"/>
          <line num="71" count="5" type="stmt"/>
          <line num="72" count="5" type="stmt"/>
          <line num="73" count="4" type="stmt"/>
          <line num="75" count="5" type="cond" truecount="2" falsecount="0"/>
          <line num="76" count="4" type="stmt"/>
          <line num="77" count="4" type="stmt"/>
          <line num="78" count="4" type="stmt"/>
          <line num="80" count="1" type="stmt"/>
          <line num="84" count="13" type="stmt"/>
          <line num="85" count="5" type="cond" truecount="2" falsecount="0"/>
          <line num="86" count="1" type="stmt"/>
          <line num="88" count="4" type="stmt"/>
          <line num="89" count="4" type="stmt"/>
          <line num="90" count="4" type="stmt"/>
          <line num="97" count="13" type="stmt"/>
          <line num="98" count="9" type="stmt"/>
          <line num="99" count="9" type="stmt"/>
          <line num="100" count="9" type="stmt"/>
          <line num="103" count="13" type="stmt"/>
          <line num="104" count="4" type="stmt"/>
          <line num="111" count="13" type="stmt"/>
          <line num="112" count="1" type="stmt"/>
          <line num="119" count="13" type="stmt"/>
          <line num="121" count="13" type="stmt"/>
          <line num="128" count="11" type="cond" truecount="2" falsecount="0"/>
          <line num="129" count="10" type="cond" truecount="2" falsecount="0"/>
          <line num="130" count="9" type="stmt"/>
          <line num="131" count="9" type="stmt"/>
          <line num="132" count="9" type="stmt"/>
          <line num="133" count="8" type="stmt"/>
          <line num="134" count="8" type="stmt"/>
          <line num="136" count="8" type="stmt"/>
          <line num="137" count="8" type="stmt"/>
          <line num="138" count="40" type="stmt"/>
          <line num="139" count="5" type="stmt"/>
          <line num="140" count="5" type="stmt"/>
          <line num="144" count="8" type="stmt"/>
        </file>
        <file name="defaults.js" path="/Users/justin/Documents/emoji-feedback/src/defaults.js">
          <metrics statements="4" coveredstatements="4" conditionals="0" coveredconditionals="0" methods="0" coveredmethods="0"/>
          <line num="1" count="1" type="stmt"/>
          <line num="9" count="1" type="stmt"/>
          <line num="11" count="1" type="stmt"/>
          <line num="13" count="1" type="stmt"/>
        </file>
        <file name="domSetup.js" path="/Users/justin/Documents/emoji-feedback/src/domSetup.js">
          <metrics statements="109" coveredstatements="109" conditionals="2" coveredconditionals="2" methods="13" coveredmethods="13"/>
          <line num="1" count="1" type="stmt"/>
          <line num="2" count="8" type="stmt"/>
          <line num="3" count="8" type="stmt"/>
          <line num="4" count="8" type="stmt"/>
          <line num="5" count="8" type="stmt"/>
          <line num="8" count="1" type="stmt"/>
          <line num="9" count="34" type="stmt"/>
          <line num="10" count="34" type="stmt"/>
          <line num="11" count="34" type="stmt"/>
          <line num="12" count="34" type="stmt"/>
          <line num="15" count="1" type="stmt"/>
          <line num="16" count="48" type="stmt"/>
          <line num="17" count="48" type="stmt"/>
          <line num="18" count="48" type="stmt"/>
          <line num="19" count="48" type="stmt"/>
          <line num="22" count="1" type="stmt"/>
          <line num="23" count="40" type="stmt"/>
          <line num="24" count="40" type="stmt"/>
          <line num="25" count="40" type="stmt"/>
          <line num="26" count="40" type="stmt"/>
          <line num="27" count="40" type="stmt"/>
          <line num="30" count="1" type="stmt"/>
          <line num="31" count="8" type="stmt"/>
          <line num="32" count="8" type="stmt"/>
          <line num="33" count="8" type="stmt"/>
          <line num="34" count="8" type="stmt"/>
          <line num="35" count="8" type="stmt"/>
          <line num="36" count="8" type="stmt"/>
          <line num="37" count="8" type="stmt"/>
          <line num="40" count="1" type="stmt"/>
          <line num="41" count="8" type="stmt"/>
          <line num="42" count="8" type="stmt"/>
          <line num="43" count="8" type="stmt"/>
          <line num="44" count="8" type="stmt"/>
          <line num="45" count="8" type="stmt"/>
          <line num="46" count="8" type="stmt"/>
          <line num="47" count="8" type="stmt"/>
          <line num="50" count="1" type="stmt"/>
          <line num="51" count="8" type="stmt"/>
          <line num="52" count="8" type="stmt"/>
          <line num="53" count="8" type="stmt"/>
          <line num="55" count="8" type="stmt"/>
          <line num="56" count="8" type="stmt"/>
          <line num="57" count="8" type="stmt"/>
          <line num="58" count="8" type="stmt"/>
          <line num="59" count="8" type="stmt"/>
          <line num="60" count="8" type="stmt"/>
          <line num="62" count="8" type="stmt"/>
          <line num="63" count="8" type="stmt"/>
          <line num="64" count="8" type="stmt"/>
          <line num="66" count="8" type="stmt"/>
          <line num="67" count="8" type="stmt"/>
          <line num="69" count="8" type="stmt"/>
          <line num="70" count="8" type="stmt"/>
          <line num="71" count="8" type="stmt"/>
          <line num="73" count="8" type="stmt"/>
          <line num="74" count="8" type="stmt"/>
          <line num="75" count="8" type="stmt"/>
          <line num="76" count="8" type="stmt"/>
          <line num="78" count="8" type="stmt"/>
          <line num="81" count="1" type="stmt"/>
          <line num="82" count="9" type="stmt"/>
          <line num="83" count="9" type="cond" truecount="2" falsecount="0"/>
          <line num="84" count="8" type="stmt"/>
          <line num="85" count="8" type="stmt"/>
          <line num="87" count="8" type="stmt"/>
          <line num="89" count="8" type="stmt"/>
          <line num="90" count="40" type="stmt"/>
          <line num="91" count="40" type="stmt"/>
          <line num="92" count="40" type="stmt"/>
          <line num="93" count="40" type="stmt"/>
          <line num="94" count="40" type="stmt"/>
          <line num="95" count="40" type="stmt"/>
          <line num="96" count="40" type="stmt"/>
          <line num="97" count="40" type="stmt"/>
          <line num="100" count="8" type="stmt"/>
          <line num="101" count="8" type="stmt"/>
          <line num="103" count="8" type="stmt"/>
          <line num="106" count="1" type="stmt"/>
          <line num="107" count="8" type="stmt"/>
          <line num="108" count="8" type="stmt"/>
          <line num="109" count="8" type="stmt"/>
          <line num="110" count="8" type="stmt"/>
          <line num="112" count="8" type="stmt"/>
          <line num="113" count="96" type="stmt"/>
          <line num="114" count="96" type="stmt"/>
          <line num="115" count="96" type="stmt"/>
          <line num="116" count="96" type="stmt"/>
          <line num="118" count="8" type="stmt"/>
          <line num="121" count="1" type="stmt"/>
          <line num="122" count="1" type="stmt"/>
          <line num="123" count="1" type="stmt"/>
          <line num="124" count="1" type="stmt"/>
          <line num="125" count="1" type="stmt"/>
          <line num="127" count="1" type="stmt"/>
          <line num="128" count="1" type="stmt"/>
          <line num="129" count="1" type="stmt"/>
          <line num="130" count="1" type="stmt"/>
          <line num="131" count="1" type="stmt"/>
          <line num="132" count="1" type="stmt"/>
          <line num="134" count="1" type="stmt"/>
          <line num="137" count="1" type="stmt"/>
          <line num="138" count="1" type="stmt"/>
          <line num="139" count="1" type="stmt"/>
          <line num="140" count="1" type="stmt"/>
          <line num="143" count="1" type="stmt"/>
          <line num="144" count="1" type="stmt"/>
          <line num="145" count="1" type="stmt"/>
          <line num="146" count="1" type="stmt"/>
        </file>
        <file name="util.js" path="/Users/justin/Documents/emoji-feedback/src/util.js">
          <metrics statements="15" coveredstatements="14" conditionals="2" coveredconditionals="1" methods="9" coveredmethods="9"/>
          <line num="2" count="4" type="stmt"/>
          <line num="4" count="1" type="stmt"/>
          <line num="5" count="25" type="cond" truecount="1" falsecount="1"/>
          <line num="6" count="0" type="stmt"/>
          <line num="9" count="25" type="stmt"/>
          <line num="11" count="1" type="stmt"/>
          <line num="12" count="40" type="stmt"/>
          <line num="14" count="1" type="stmt"/>
          <line num="15" count="4" type="stmt"/>
          <line num="17" count="1" type="stmt"/>
          <line num="18" count="6" type="stmt"/>
          <line num="19" count="6" type="stmt"/>
          <line num="22" count="1" type="stmt"/>
          <line num="23" count="6" type="stmt"/>
          <line num="24" count="6" type="stmt"/>
        </file>
      </package>
      <package name="test">
        <metrics statements="1" coveredstatements="1" conditionals="0" coveredconditionals="0" methods="0" coveredmethods="0"/>
        <file name="setupJest.js" path="/Users/justin/Documents/emoji-feedback/test/setupJest.js">
          <metrics statements="1" coveredstatements="1" conditionals="0" coveredconditionals="0" methods="0" coveredmethods="0"/>
          <line num="1" count="2" type="stmt"/>
        </file>
      </package>
    </metrics>
  </project>
</coverage>
