{"/Users/justin/Documents/emoji-feedback/src/app.js": {"path":"/Users/justin/Documents/emoji-feedback/src/app.js","statementMap":{"0":{"start":{"line":17,"column":19},"end":{"line":146,"column":1}},"1":{"start":{"line":18,"column":16},"end":{"line":27,"column":3}},"2":{"start":{"line":29,"column":28},"end":{"line":43,"column":3}},"3":{"start":{"line":30,"column":21},"end":{"line":30,"column":41}},"4":{"start":{"line":31,"column":4},"end":{"line":31,"column":20}},"5":{"start":{"line":32,"column":4},"end":{"line":42,"column":5}},"6":{"start":{"line":33,"column":20},"end":{"line":33,"column":37}},"7":{"start":{"line":34,"column":6},"end":{"line":34,"column":41}},"8":{"start":{"line":36,"column":6},"end":{"line":36,"column":42}},"9":{"start":{"line":37,"column":6},"end":{"line":41,"column":7}},"10":{"start":{"line":38,"column":8},"end":{"line":38,"column":57}},"11":{"start":{"line":40,"column":8},"end":{"line":40,"column":62}},"12":{"start":{"line":45,"column":28},"end":{"line":68,"column":3}},"13":{"start":{"line":46,"column":25},"end":{"line":46,"column":78}},"14":{"start":{"line":47,"column":31},"end":{"line":66,"column":5}},"15":{"start":{"line":48,"column":6},"end":{"line":65,"column":7}},"16":{"start":{"line":49,"column":8},"end":{"line":49,"column":56}},"17":{"start":{"line":50,"column":8},"end":{"line":50,"column":55}},"18":{"start":{"line":51,"column":8},"end":{"line":61,"column":12}},"19":{"start":{"line":53,"column":12},"end":{"line":53,"column":54}},"20":{"start":{"line":54,"column":12},"end":{"line":54,"column":40}},"21":{"start":{"line":55,"column":12},"end":{"line":55,"column":42}},"22":{"start":{"line":59,"column":12},"end":{"line":59,"column":40}},"23":{"start":{"line":60,"column":12},"end":{"line":60,"column":42}},"24":{"start":{"line":67,"column":4},"end":{"line":67,"column":62}},"25":{"start":{"line":70,"column":17},"end":{"line":82,"column":3}},"26":{"start":{"line":71,"column":4},"end":{"line":71,"column":23}},"27":{"start":{"line":72,"column":4},"end":{"line":74,"column":5}},"28":{"start":{"line":73,"column":6},"end":{"line":73,"column":64}},"29":{"start":{"line":73,"column":23},"end":{"line":73,"column":39}},"30":{"start":{"line":75,"column":4},"end":{"line":81,"column":5}},"31":{"start":{"line":76,"column":6},"end":{"line":76,"column":65}},"32":{"start":{"line":77,"column":6},"end":{"line":77,"column":48}},"33":{"start":{"line":78,"column":6},"end":{"line":78,"column":38}},"34":{"start":{"line":80,"column":6},"end":{"line":80,"column":60}},"35":{"start":{"line":84,"column":23},"end":{"line":95,"column":3}},"36":{"start":{"line":85,"column":4},"end":{"line":94,"column":5}},"37":{"start":{"line":85,"column":38},"end":{"line":85,"column":47}},"38":{"start":{"line":86,"column":6},"end":{"line":86,"column":85}},"39":{"start":{"line":86,"column":62},"end":{"line":86,"column":84}},"40":{"start":{"line":88,"column":24},"end":{"line":88,"column":57}},"41":{"start":{"line":89,"column":19},"end":{"line":89,"column":52}},"42":{"start":{"line":90,"column":6},"end":{"line":93,"column":8}},"43":{"start":{"line":97,"column":23},"end":{"line":101,"column":3}},"44":{"start":{"line":98,"column":4},"end":{"line":98,"column":33}},"45":{"start":{"line":99,"column":4},"end":{"line":99,"column":31}},"46":{"start":{"line":100,"column":4},"end":{"line":100,"column":33}},"47":{"start":{"line":103,"column":31},"end":{"line":109,"column":3}},"48":{"start":{"line":104,"column":4},"end":{"line":108,"column":6}},"49":{"start":{"line":111,"column":25},"end":{"line":117,"column":3}},"50":{"start":{"line":112,"column":4},"end":{"line":116,"column":6}},"51":{"start":{"line":119,"column":21},"end":{"line":119,"column":57}},"52":{"start":{"line":119,"column":33},"end":{"line":119,"column":56}},"53":{"start":{"line":121,"column":2},"end":{"line":145,"column":3}},"54":{"start":{"line":128,"column":6},"end":{"line":128,"column":71}},"55":{"start":{"line":128,"column":27},"end":{"line":128,"column":71}},"56":{"start":{"line":129,"column":6},"end":{"line":129,"column":75}},"57":{"start":{"line":129,"column":29},"end":{"line":129,"column":75}},"58":{"start":{"line":130,"column":19},"end":{"line":130,"column":70}},"59":{"start":{"line":131,"column":6},"end":{"line":131,"column":29}},"60":{"start":{"line":132,"column":6},"end":{"line":132,"column":48}},"61":{"start":{"line":133,"column":6},"end":{"line":133,"column":25}},"62":{"start":{"line":134,"column":6},"end":{"line":134,"column":32}},"63":{"start":{"line":136,"column":24},"end":{"line":136,"column":57}},"64":{"start":{"line":137,"column":6},"end":{"line":142,"column":8}},"65":{"start":{"line":138,"column":8},"end":{"line":141,"column":10}},"66":{"start":{"line":139,"column":10},"end":{"line":139,"column":29}},"67":{"start":{"line":140,"column":10},"end":{"line":140,"column":27}},"68":{"start":{"line":144,"column":20},"end":{"line":144,"column":25}}},"fnMap":{"0":{"name":"(anonymous_0)","decl":{"start":{"line":17,"column":19},"end":{"line":17,"column":20}},"loc":{"start":{"line":17,"column":25},"end":{"line":146,"column":1}},"line":17},"1":{"name":"(anonymous_1)","decl":{"start":{"line":29,"column":28},"end":{"line":29,"column":29}},"loc":{"start":{"line":29,"column":39},"end":{"line":43,"column":3}},"line":29},"2":{"name":"(anonymous_2)","decl":{"start":{"line":32,"column":23},"end":{"line":32,"column":24}},"loc":{"start":{"line":32,"column":35},"end":{"line":42,"column":5}},"line":32},"3":{"name":"(anonymous_3)","decl":{"start":{"line":45,"column":28},"end":{"line":45,"column":29}},"loc":{"start":{"line":45,"column":39},"end":{"line":68,"column":3}},"line":45},"4":{"name":"(anonymous_4)","decl":{"start":{"line":47,"column":31},"end":{"line":47,"column":32}},"loc":{"start":{"line":47,"column":37},"end":{"line":66,"column":5}},"line":47},"5":{"name":"(anonymous_5)","decl":{"start":{"line":52,"column":16},"end":{"line":52,"column":17}},"loc":{"start":{"line":52,"column":23},"end":{"line":56,"column":11}},"line":52},"6":{"name":"(anonymous_6)","decl":{"start":{"line":57,"column":17},"end":{"line":57,"column":18}},"loc":{"start":{"line":57,"column":22},"end":{"line":61,"column":11}},"line":57},"7":{"name":"(anonymous_7)","decl":{"start":{"line":70,"column":17},"end":{"line":70,"column":18}},"loc":{"start":{"line":70,"column":27},"end":{"line":82,"column":3}},"line":70},"8":{"name":"(anonymous_8)","decl":{"start":{"line":72,"column":33},"end":{"line":72,"column":34}},"loc":{"start":{"line":73,"column":6},"end":{"line":73,"column":64}},"line":73},"9":{"name":"(anonymous_9)","decl":{"start":{"line":73,"column":18},"end":{"line":73,"column":19}},"loc":{"start":{"line":73,"column":23},"end":{"line":73,"column":39}},"line":73},"10":{"name":"(anonymous_10)","decl":{"start":{"line":84,"column":23},"end":{"line":84,"column":24}},"loc":{"start":{"line":84,"column":32},"end":{"line":95,"column":3}},"line":84},"11":{"name":"(anonymous_11)","decl":{"start":{"line":85,"column":33},"end":{"line":85,"column":34}},"loc":{"start":{"line":85,"column":38},"end":{"line":85,"column":47}},"line":85},"12":{"name":"(anonymous_12)","decl":{"start":{"line":86,"column":57},"end":{"line":86,"column":58}},"loc":{"start":{"line":86,"column":62},"end":{"line":86,"column":84}},"line":86},"13":{"name":"(anonymous_13)","decl":{"start":{"line":97,"column":23},"end":{"line":97,"column":24}},"loc":{"start":{"line":97,"column":51},"end":{"line":101,"column":3}},"line":97},"14":{"name":"(anonymous_14)","decl":{"start":{"line":103,"column":31},"end":{"line":103,"column":32}},"loc":{"start":{"line":103,"column":51},"end":{"line":109,"column":3}},"line":103},"15":{"name":"(anonymous_15)","decl":{"start":{"line":111,"column":25},"end":{"line":111,"column":26}},"loc":{"start":{"line":111,"column":33},"end":{"line":117,"column":3}},"line":111},"16":{"name":"(anonymous_16)","decl":{"start":{"line":119,"column":21},"end":{"line":119,"column":22}},"loc":{"start":{"line":119,"column":33},"end":{"line":119,"column":56}},"line":119},"17":{"name":"(anonymous_17)","decl":{"start":{"line":122,"column":10},"end":{"line":122,"column":11}},"loc":{"start":{"line":127,"column":15},"end":{"line":143,"column":5}},"line":127},"18":{"name":"(anonymous_18)","decl":{"start":{"line":137,"column":24},"end":{"line":137,"column":25}},"loc":{"start":{"line":137,"column":33},"end":{"line":142,"column":7}},"line":137},"19":{"name":"(anonymous_19)","decl":{"start":{"line":138,"column":40},"end":{"line":138,"column":41}},"loc":{"start":{"line":138,"column":46},"end":{"line":141,"column":9}},"line":138},"20":{"name":"(anonymous_20)","decl":{"start":{"line":144,"column":14},"end":{"line":144,"column":15}},"loc":{"start":{"line":144,"column":20},"end":{"line":144,"column":25}},"line":144}},"branchMap":{"0":{"loc":{"start":{"line":37,"column":6},"end":{"line":41,"column":7}},"type":"if","locations":[{"start":{"line":37,"column":6},"end":{"line":41,"column":7}},{"start":{"line":37,"column":6},"end":{"line":41,"column":7}}],"line":37},"1":{"loc":{"start":{"line":48,"column":6},"end":{"line":65,"column":7}},"type":"if","locations":[{"start":{"line":48,"column":6},"end":{"line":65,"column":7}},{"start":{"line":48,"column":6},"end":{"line":65,"column":7}}],"line":48},"2":{"loc":{"start":{"line":75,"column":4},"end":{"line":81,"column":5}},"type":"if","locations":[{"start":{"line":75,"column":4},"end":{"line":81,"column":5}},{"start":{"line":75,"column":4},"end":{"line":81,"column":5}}],"line":75},"3":{"loc":{"start":{"line":85,"column":4},"end":{"line":94,"column":5}},"type":"if","locations":[{"start":{"line":85,"column":4},"end":{"line":94,"column":5}},{"start":{"line":85,"column":4},"end":{"line":94,"column":5}}],"line":85},"4":{"loc":{"start":{"line":122,"column":31},"end":{"line":127,"column":10}},"type":"default-arg","locations":[{"start":{"line":127,"column":8},"end":{"line":127,"column":10}}],"line":122},"5":{"loc":{"start":{"line":123,"column":6},"end":{"line":123,"column":30}},"type":"default-arg","locations":[{"start":{"line":123,"column":15},"end":{"line":123,"column":30}}],"line":123},"6":{"loc":{"start":{"line":124,"column":6},"end":{"line":124,"column":29}},"type":"default-arg","locations":[{"start":{"line":124,"column":18},"end":{"line":124,"column":29}}],"line":124},"7":{"loc":{"start":{"line":125,"column":6},"end":{"line":125,"column":47}},"type":"default-arg","locations":[{"start":{"line":125,"column":27},"end":{"line":125,"column":47}}],"line":125},"8":{"loc":{"start":{"line":126,"column":6},"end":{"line":126,"column":43}},"type":"default-arg","locations":[{"start":{"line":126,"column":25},"end":{"line":126,"column":43}}],"line":126},"9":{"loc":{"start":{"line":128,"column":6},"end":{"line":128,"column":71}},"type":"if","locations":[{"start":{"line":128,"column":6},"end":{"line":128,"column":71}},{"start":{"line":128,"column":6},"end":{"line":128,"column":71}}],"line":128},"10":{"loc":{"start":{"line":129,"column":6},"end":{"line":129,"column":75}},"type":"if","locations":[{"start":{"line":129,"column":6},"end":{"line":129,"column":75}},{"start":{"line":129,"column":6},"end":{"line":129,"column":75}}],"line":129}},"s":{"0":1,"1":13,"2":13,"3":4,"4":4,"5":4,"6":4,"7":4,"8":4,"9":4,"10":3,"11":1,"12":13,"13":8,"14":8,"15":1,"16":1,"17":1,"18":1,"19":1,"20":1,"21":1,"22":0,"23":0,"24":8,"25":13,"26":5,"27":5,"28":4,"29":4,"30":5,"31":4,"32":4,"33":4,"34":1,"35":13,"36":5,"37":1,"38":1,"39":1,"40":4,"41":4,"42":4,"43":13,"44":9,"45":9,"46":9,"47":13,"48":4,"49":13,"50":1,"51":13,"52":8,"53":13,"54":11,"55":1,"56":10,"57":1,"58":9,"59":9,"60":9,"61":8,"62":8,"63":8,"64":8,"65":40,"66":5,"67":5,"68":8},"f":{"0":13,"1":4,"2":4,"3":8,"4":1,"5":1,"6":0,"7":5,"8":4,"9":4,"10":5,"11":1,"12":1,"13":9,"14":4,"15":1,"16":8,"17":11,"18":40,"19":5,"20":8},"b":{"0":[3,1],"1":[1,0],"2":[4,1],"3":[1,4],"4":[5],"5":[6],"6":[11],"7":[11],"8":[11],"9":[1,10],"10":[1,9]},"_coverageSchema":"332fd63041d2c1bcb487cc26dd0d5f7d97098a6c","hash":"fc69720ecb746099e425af981015156a9ece7079"}
,"/Users/justin/Documents/emoji-feedback/src/defaults.js": {"path":"/Users/justin/Documents/emoji-feedback/src/defaults.js","statementMap":{"0":{"start":{"line":1,"column":22},"end":{"line":7,"column":1}},"1":{"start":{"line":9,"column":18},"end":{"line":9,"column":53}},"2":{"start":{"line":11,"column":27},"end":{"line":11,"column":98}},"3":{"start":{"line":13,"column":25},"end":{"line":13,"column":54}}},"fnMap":{},"branchMap":{},"s":{"0":1,"1":1,"2":1,"3":1},"f":{},"b":{},"_coverageSchema":"332fd63041d2c1bcb487cc26dd0d5f7d97098a6c","hash":"ff31e0eb224f80741bc33411caeca80ed3668db7"}
,"/Users/justin/Documents/emoji-feedback/src/domSetup.js": {"path":"/Users/justin/Documents/emoji-feedback/src/domSetup.js","statementMap":{"0":{"start":{"line":1,"column":22},"end":{"line":6,"column":1}},"1":{"start":{"line":2,"column":18},"end":{"line":2,"column":47}},"2":{"start":{"line":3,"column":2},"end":{"line":3,"column":31}},"3":{"start":{"line":4,"column":2},"end":{"line":4,"column":35}},"4":{"start":{"line":5,"column":2},"end":{"line":5,"column":16}},"5":{"start":{"line":8,"column":19},"end":{"line":13,"column":1}},"6":{"start":{"line":9,"column":12},"end":{"line":9,"column":39}},"7":{"start":{"line":10,"column":2},"end":{"line":10,"column":20}},"8":{"start":{"line":11,"column":2},"end":{"line":11,"column":31}},"9":{"start":{"line":12,"column":2},"end":{"line":12,"column":10}},"10":{"start":{"line":15,"column":27},"end":{"line":20,"column":1}},"11":{"start":{"line":16,"column":17},"end":{"line":16,"column":46}},"12":{"start":{"line":17,"column":2},"end":{"line":17,"column":32}},"13":{"start":{"line":18,"column":2},"end":{"line":18,"column":29}},"14":{"start":{"line":19,"column":2},"end":{"line":19,"column":15}},"15":{"start":{"line":22,"column":24},"end":{"line":28,"column":1}},"16":{"start":{"line":23,"column":15},"end":{"line":23,"column":45}},"17":{"start":{"line":24,"column":2},"end":{"line":24,"column":16}},"18":{"start":{"line":25,"column":2},"end":{"line":25,"column":26}},"19":{"start":{"line":26,"column":2},"end":{"line":26,"column":23}},"20":{"start":{"line":27,"column":2},"end":{"line":27,"column":13}},"21":{"start":{"line":30,"column":23},"end":{"line":38,"column":1}},"22":{"start":{"line":31,"column":19},"end":{"line":31,"column":53}},"23":{"start":{"line":32,"column":2},"end":{"line":32,"column":46}},"24":{"start":{"line":33,"column":2},"end":{"line":33,"column":22}},"25":{"start":{"line":34,"column":2},"end":{"line":34,"column":22}},"26":{"start":{"line":35,"column":2},"end":{"line":35,"column":28}},"27":{"start":{"line":36,"column":2},"end":{"line":36,"column":31}},"28":{"start":{"line":37,"column":2},"end":{"line":37,"column":17}},"29":{"start":{"line":40,"column":30},"end":{"line":48,"column":1}},"30":{"start":{"line":41,"column":22},"end":{"line":41,"column":51}},"31":{"start":{"line":42,"column":15},"end":{"line":42,"column":45}},"32":{"start":{"line":43,"column":2},"end":{"line":43,"column":52}},"33":{"start":{"line":44,"column":2},"end":{"line":44,"column":50}},"34":{"start":{"line":45,"column":2},"end":{"line":45,"column":37}},"35":{"start":{"line":46,"column":2},"end":{"line":46,"column":37}},"36":{"start":{"line":47,"column":2},"end":{"line":47,"column":20}},"37":{"start":{"line":50,"column":27},"end":{"line":79,"column":1}},"38":{"start":{"line":51,"column":23},"end":{"line":51,"column":52}},"39":{"start":{"line":52,"column":2},"end":{"line":52,"column":45}},"40":{"start":{"line":53,"column":2},"end":{"line":53,"column":38}},"41":{"start":{"line":55,"column":2},"end":{"line":55,"column":46}},"42":{"start":{"line":56,"column":23},"end":{"line":56,"column":56}},"43":{"start":{"line":57,"column":31},"end":{"line":57,"column":66}},"44":{"start":{"line":58,"column":2},"end":{"line":58,"column":46}},"45":{"start":{"line":59,"column":2},"end":{"line":59,"column":49}},"46":{"start":{"line":60,"column":2},"end":{"line":60,"column":46}},"47":{"start":{"line":62,"column":15},"end":{"line":62,"column":45}},"48":{"start":{"line":63,"column":19},"end":{"line":63,"column":42}},"49":{"start":{"line":64,"column":22},"end":{"line":64,"column":52}},"50":{"start":{"line":66,"column":2},"end":{"line":66,"column":28}},"51":{"start":{"line":67,"column":2},"end":{"line":67,"column":31}},"52":{"start":{"line":69,"column":23},"end":{"line":69,"column":69}},"53":{"start":{"line":70,"column":2},"end":{"line":70,"column":47}},"54":{"start":{"line":71,"column":2},"end":{"line":71,"column":57}},"55":{"start":{"line":73,"column":2},"end":{"line":73,"column":40}},"56":{"start":{"line":74,"column":2},"end":{"line":74,"column":48}},"57":{"start":{"line":75,"column":2},"end":{"line":75,"column":32}},"58":{"start":{"line":76,"column":2},"end":{"line":76,"column":40}},"59":{"start":{"line":78,"column":2},"end":{"line":78,"column":21}},"60":{"start":{"line":81,"column":28},"end":{"line":104,"column":1}},"61":{"start":{"line":82,"column":16},"end":{"line":82,"column":48}},"62":{"start":{"line":83,"column":2},"end":{"line":83,"column":77}},"63":{"start":{"line":83,"column":14},"end":{"line":83,"column":77}},"64":{"start":{"line":84,"column":31},"end":{"line":84,"column":53}},"65":{"start":{"line":85,"column":20},"end":{"line":85,"column":46}},"66":{"start":{"line":87,"column":2},"end":{"line":87,"column":45}},"67":{"start":{"line":89,"column":2},"end":{"line":98,"column":4}},"68":{"start":{"line":90,"column":24},"end":{"line":90,"column":60}},"69":{"start":{"line":91,"column":4},"end":{"line":91,"column":39}},"70":{"start":{"line":92,"column":4},"end":{"line":92,"column":58}},"71":{"start":{"line":93,"column":4},"end":{"line":93,"column":41}},"72":{"start":{"line":94,"column":4},"end":{"line":94,"column":43}},"73":{"start":{"line":95,"column":22},"end":{"line":95,"column":56}},"74":{"start":{"line":96,"column":4},"end":{"line":96,"column":38}},"75":{"start":{"line":97,"column":4},"end":{"line":97,"column":49}},"76":{"start":{"line":100,"column":2},"end":{"line":100,"column":69}},"77":{"start":{"line":101,"column":2},"end":{"line":101,"column":58}},"78":{"start":{"line":103,"column":2},"end":{"line":103,"column":41}},"79":{"start":{"line":106,"column":22},"end":{"line":119,"column":1}},"80":{"start":{"line":107,"column":18},"end":{"line":107,"column":47}},"81":{"start":{"line":108,"column":2},"end":{"line":108,"column":35}},"82":{"start":{"line":109,"column":2},"end":{"line":109,"column":33}},"83":{"start":{"line":110,"column":2},"end":{"line":110,"column":33}},"84":{"start":{"line":112,"column":2},"end":{"line":117,"column":3}},"85":{"start":{"line":113,"column":19},"end":{"line":113,"column":48}},"86":{"start":{"line":114,"column":4},"end":{"line":114,"column":36}},"87":{"start":{"line":115,"column":4},"end":{"line":115,"column":41}},"88":{"start":{"line":116,"column":4},"end":{"line":116,"column":31}},"89":{"start":{"line":118,"column":2},"end":{"line":118,"column":16}},"90":{"start":{"line":121,"column":30},"end":{"line":135,"column":1}},"91":{"start":{"line":122,"column":26},"end":{"line":122,"column":55}},"92":{"start":{"line":123,"column":2},"end":{"line":123,"column":50}},"93":{"start":{"line":124,"column":2},"end":{"line":124,"column":41}},"94":{"start":{"line":125,"column":2},"end":{"line":125,"column":45}},"95":{"start":{"line":127,"column":17},"end":{"line":127,"column":33}},"96":{"start":{"line":128,"column":2},"end":{"line":128,"column":29}},"97":{"start":{"line":129,"column":19},"end":{"line":129,"column":64}},"98":{"start":{"line":130,"column":2},"end":{"line":130,"column":33}},"99":{"start":{"line":131,"column":2},"end":{"line":131,"column":37}},"100":{"start":{"line":132,"column":2},"end":{"line":132,"column":39}},"101":{"start":{"line":134,"column":2},"end":{"line":134,"column":24}},"102":{"start":{"line":137,"column":30},"end":{"line":141,"column":1}},"103":{"start":{"line":138,"column":26},"end":{"line":138,"column":56}},"104":{"start":{"line":139,"column":16},"end":{"line":139,"column":48}},"105":{"start":{"line":140,"column":2},"end":{"line":140,"column":36}},"106":{"start":{"line":143,"column":28},"end":{"line":147,"column":1}},"107":{"start":{"line":144,"column":16},"end":{"line":144,"column":48}},"108":{"start":{"line":145,"column":31},"end":{"line":145,"column":76}},"109":{"start":{"line":146,"column":2},"end":{"line":146,"column":41}}},"fnMap":{"0":{"name":"(anonymous_0)","decl":{"start":{"line":1,"column":22},"end":{"line":1,"column":23}},"loc":{"start":{"line":1,"column":33},"end":{"line":6,"column":1}},"line":1},"1":{"name":"(anonymous_1)","decl":{"start":{"line":8,"column":19},"end":{"line":8,"column":20}},"loc":{"start":{"line":8,"column":27},"end":{"line":13,"column":1}},"line":8},"2":{"name":"(anonymous_2)","decl":{"start":{"line":15,"column":27},"end":{"line":15,"column":28}},"loc":{"start":{"line":15,"column":44},"end":{"line":20,"column":1}},"line":15},"3":{"name":"(anonymous_3)","decl":{"start":{"line":22,"column":24},"end":{"line":22,"column":25}},"loc":{"start":{"line":22,"column":39},"end":{"line":28,"column":1}},"line":22},"4":{"name":"(anonymous_4)","decl":{"start":{"line":30,"column":23},"end":{"line":30,"column":24}},"loc":{"start":{"line":30,"column":34},"end":{"line":38,"column":1}},"line":30},"5":{"name":"(anonymous_5)","decl":{"start":{"line":40,"column":30},"end":{"line":40,"column":31}},"loc":{"start":{"line":40,"column":41},"end":{"line":48,"column":1}},"line":40},"6":{"name":"(anonymous_6)","decl":{"start":{"line":50,"column":27},"end":{"line":50,"column":28}},"loc":{"start":{"line":50,"column":46},"end":{"line":79,"column":1}},"line":50},"7":{"name":"(anonymous_7)","decl":{"start":{"line":81,"column":28},"end":{"line":81,"column":29}},"loc":{"start":{"line":81,"column":55},"end":{"line":104,"column":1}},"line":81},"8":{"name":"(anonymous_8)","decl":{"start":{"line":89,"column":17},"end":{"line":89,"column":18}},"loc":{"start":{"line":89,"column":47},"end":{"line":98,"column":3}},"line":89},"9":{"name":"(anonymous_9)","decl":{"start":{"line":106,"column":22},"end":{"line":106,"column":23}},"loc":{"start":{"line":106,"column":33},"end":{"line":119,"column":1}},"line":106},"10":{"name":"(anonymous_10)","decl":{"start":{"line":121,"column":30},"end":{"line":121,"column":31}},"loc":{"start":{"line":121,"column":41},"end":{"line":135,"column":1}},"line":121},"11":{"name":"(anonymous_11)","decl":{"start":{"line":137,"column":30},"end":{"line":137,"column":31}},"loc":{"start":{"line":137,"column":41},"end":{"line":141,"column":1}},"line":137},"12":{"name":"(anonymous_12)","decl":{"start":{"line":143,"column":28},"end":{"line":143,"column":29}},"loc":{"start":{"line":143,"column":39},"end":{"line":147,"column":1}},"line":143}},"branchMap":{"0":{"loc":{"start":{"line":83,"column":2},"end":{"line":83,"column":77}},"type":"if","locations":[{"start":{"line":83,"column":2},"end":{"line":83,"column":77}},{"start":{"line":83,"column":2},"end":{"line":83,"column":77}}],"line":83}},"s":{"0":1,"1":8,"2":8,"3":8,"4":8,"5":1,"6":34,"7":34,"8":34,"9":34,"10":1,"11":48,"12":48,"13":48,"14":48,"15":1,"16":40,"17":40,"18":40,"19":40,"20":40,"21":1,"22":8,"23":8,"24":8,"25":8,"26":8,"27":8,"28":8,"29":1,"30":8,"31":8,"32":8,"33":8,"34":8,"35":8,"36":8,"37":1,"38":8,"39":8,"40":8,"41":8,"42":8,"43":8,"44":8,"45":8,"46":8,"47":8,"48":8,"49":8,"50":8,"51":8,"52":8,"53":8,"54":8,"55":8,"56":8,"57":8,"58":8,"59":8,"60":1,"61":9,"62":9,"63":1,"64":8,"65":8,"66":8,"67":8,"68":40,"69":40,"70":40,"71":40,"72":40,"73":40,"74":40,"75":40,"76":8,"77":8,"78":8,"79":1,"80":8,"81":8,"82":8,"83":8,"84":8,"85":96,"86":96,"87":96,"88":96,"89":8,"90":1,"91":1,"92":1,"93":1,"94":1,"95":1,"96":1,"97":1,"98":1,"99":1,"100":1,"101":1,"102":1,"103":1,"104":1,"105":1,"106":1,"107":1,"108":1,"109":1},"f":{"0":8,"1":34,"2":48,"3":40,"4":8,"5":8,"6":8,"7":9,"8":40,"9":8,"10":1,"11":1,"12":1},"b":{"0":[1,8]},"_coverageSchema":"332fd63041d2c1bcb487cc26dd0d5f7d97098a6c","hash":"99a7f666696708a19171972c1dce831ad9dcba69"}
,"/Users/justin/Documents/emoji-feedback/src/util.js": {"path":"/Users/justin/Documents/emoji-feedback/src/util.js","statementMap":{"0":{"start":{"line":2,"column":20},"end":{"line":2,"column":86}},"1":{"start":{"line":2,"column":31},"end":{"line":2,"column":86}},"2":{"start":{"line":4,"column":21},"end":{"line":8,"column":1}},"3":{"start":{"line":5,"column":2},"end":{"line":7,"column":3}},"4":{"start":{"line":6,"column":4},"end":{"line":6,"column":36}},"5":{"start":{"line":9,"column":20},"end":{"line":9,"column":74}},"6":{"start":{"line":9,"column":30},"end":{"line":9,"column":74}},"7":{"start":{"line":9,"column":54},"end":{"line":9,"column":73}},"8":{"start":{"line":11,"column":25},"end":{"line":12,"column":79}},"9":{"start":{"line":12,"column":2},"end":{"line":12,"column":79}},"10":{"start":{"line":12,"column":30},"end":{"line":12,"column":78}},"11":{"start":{"line":14,"column":29},"end":{"line":15,"column":100}},"12":{"start":{"line":15,"column":3},"end":{"line":15,"column":99}},"13":{"start":{"line":17,"column":19},"end":{"line":20,"column":1}},"14":{"start":{"line":18,"column":18},"end":{"line":18,"column":49}},"15":{"start":{"line":19,"column":2},"end":{"line":19,"column":34}},"16":{"start":{"line":22,"column":24},"end":{"line":25,"column":1}},"17":{"start":{"line":23,"column":18},"end":{"line":23,"column":49}},"18":{"start":{"line":24,"column":2},"end":{"line":24,"column":37}}},"fnMap":{"0":{"name":"(anonymous_0)","decl":{"start":{"line":2,"column":20},"end":{"line":2,"column":21}},"loc":{"start":{"line":2,"column":31},"end":{"line":2,"column":86}},"line":2},"1":{"name":"(anonymous_1)","decl":{"start":{"line":4,"column":21},"end":{"line":4,"column":22}},"loc":{"start":{"line":4,"column":30},"end":{"line":8,"column":1}},"line":4},"2":{"name":"(anonymous_2)","decl":{"start":{"line":9,"column":20},"end":{"line":9,"column":21}},"loc":{"start":{"line":9,"column":30},"end":{"line":9,"column":74}},"line":9},"3":{"name":"(anonymous_3)","decl":{"start":{"line":9,"column":45},"end":{"line":9,"column":46}},"loc":{"start":{"line":9,"column":54},"end":{"line":9,"column":73}},"line":9},"4":{"name":"(anonymous_4)","decl":{"start":{"line":11,"column":25},"end":{"line":11,"column":26}},"loc":{"start":{"line":12,"column":2},"end":{"line":12,"column":79}},"line":12},"5":{"name":"(anonymous_5)","decl":{"start":{"line":12,"column":13},"end":{"line":12,"column":14}},"loc":{"start":{"line":12,"column":30},"end":{"line":12,"column":78}},"line":12},"6":{"name":"(anonymous_6)","decl":{"start":{"line":14,"column":29},"end":{"line":14,"column":30}},"loc":{"start":{"line":15,"column":3},"end":{"line":15,"column":99}},"line":15},"7":{"name":"(anonymous_7)","decl":{"start":{"line":17,"column":19},"end":{"line":17,"column":20}},"loc":{"start":{"line":17,"column":42},"end":{"line":20,"column":1}},"line":17},"8":{"name":"(anonymous_8)","decl":{"start":{"line":22,"column":24},"end":{"line":22,"column":25}},"loc":{"start":{"line":22,"column":47},"end":{"line":25,"column":1}},"line":22}},"branchMap":{"0":{"loc":{"start":{"line":5,"column":2},"end":{"line":7,"column":3}},"type":"if","locations":[{"start":{"line":5,"column":2},"end":{"line":7,"column":3}},{"start":{"line":5,"column":2},"end":{"line":7,"column":3}}],"line":5}},"s":{"0":1,"1":4,"2":1,"3":25,"4":0,"5":1,"6":5,"7":25,"8":1,"9":8,"10":40,"11":1,"12":4,"13":1,"14":6,"15":6,"16":1,"17":6,"18":6},"f":{"0":4,"1":25,"2":5,"3":25,"4":8,"5":40,"6":4,"7":6,"8":6},"b":{"0":[0,25]},"_coverageSchema":"332fd63041d2c1bcb487cc26dd0d5f7d97098a6c","hash":"2103e24680906bd2a519b226c487948e954c9d16"}
,"/Users/justin/Documents/emoji-feedback/test/setupJest.js": {"path":"/Users/justin/Documents/emoji-feedback/test/setupJest.js","statementMap":{"0":{"start":{"line":1,"column":0},"end":{"line":1,"column":41}}},"fnMap":{},"branchMap":{},"s":{"0":2},"f":{},"b":{},"_coverageSchema":"332fd63041d2c1bcb487cc26dd0d5f7d97098a6c","hash":"e0ee7479ebc4fc7af578585bce229518feca6661"}
}
