{"/Users/justin/Documents/emoji-feedback/src/app.js": {"path":"/Users/justin/Documents/emoji-feedback/src/app.js","statementMap":{"0":{"start":{"line":17,"column":19},"end":{"line":145,"column":1}},"1":{"start":{"line":18,"column":16},"end":{"line":27,"column":3}},"2":{"start":{"line":29,"column":28},"end":{"line":42,"column":3}},"3":{"start":{"line":30,"column":21},"end":{"line":30,"column":41}},"4":{"start":{"line":31,"column":4},"end":{"line":31,"column":20}},"5":{"start":{"line":32,"column":4},"end":{"line":41,"column":5}},"6":{"start":{"line":33,"column":20},"end":{"line":33,"column":37}},"7":{"start":{"line":34,"column":6},"end":{"line":34,"column":41}},"8":{"start":{"line":35,"column":6},"end":{"line":35,"column":42}},"9":{"start":{"line":36,"column":6},"end":{"line":40,"column":7}},"10":{"start":{"line":37,"column":8},"end":{"line":37,"column":57}},"11":{"start":{"line":39,"column":8},"end":{"line":39,"column":62}},"12":{"start":{"line":44,"column":28},"end":{"line":67,"column":3}},"13":{"start":{"line":45,"column":25},"end":{"line":45,"column":78}},"14":{"start":{"line":46,"column":31},"end":{"line":65,"column":5}},"15":{"start":{"line":47,"column":6},"end":{"line":64,"column":7}},"16":{"start":{"line":48,"column":8},"end":{"line":48,"column":56}},"17":{"start":{"line":49,"column":8},"end":{"line":49,"column":55}},"18":{"start":{"line":50,"column":8},"end":{"line":60,"column":12}},"19":{"start":{"line":52,"column":12},"end":{"line":52,"column":54}},"20":{"start":{"line":53,"column":12},"end":{"line":53,"column":40}},"21":{"start":{"line":54,"column":12},"end":{"line":54,"column":42}},"22":{"start":{"line":58,"column":12},"end":{"line":58,"column":40}},"23":{"start":{"line":59,"column":12},"end":{"line":59,"column":42}},"24":{"start":{"line":66,"column":4},"end":{"line":66,"column":62}},"25":{"start":{"line":69,"column":17},"end":{"line":81,"column":3}},"26":{"start":{"line":70,"column":4},"end":{"line":70,"column":23}},"27":{"start":{"line":71,"column":4},"end":{"line":73,"column":5}},"28":{"start":{"line":72,"column":6},"end":{"line":72,"column":64}},"29":{"start":{"line":72,"column":23},"end":{"line":72,"column":39}},"30":{"start":{"line":74,"column":4},"end":{"line":80,"column":5}},"31":{"start":{"line":75,"column":6},"end":{"line":75,"column":65}},"32":{"start":{"line":76,"column":6},"end":{"line":76,"column":48}},"33":{"start":{"line":77,"column":6},"end":{"line":77,"column":38}},"34":{"start":{"line":79,"column":6},"end":{"line":79,"column":60}},"35":{"start":{"line":83,"column":23},"end":{"line":94,"column":3}},"36":{"start":{"line":84,"column":4},"end":{"line":93,"column":5}},"37":{"start":{"line":84,"column":38},"end":{"line":84,"column":47}},"38":{"start":{"line":85,"column":6},"end":{"line":85,"column":85}},"39":{"start":{"line":85,"column":62},"end":{"line":85,"column":84}},"40":{"start":{"line":87,"column":24},"end":{"line":87,"column":57}},"41":{"start":{"line":88,"column":19},"end":{"line":88,"column":52}},"42":{"start":{"line":89,"column":6},"end":{"line":92,"column":8}},"43":{"start":{"line":96,"column":23},"end":{"line":100,"column":3}},"44":{"start":{"line":97,"column":4},"end":{"line":97,"column":33}},"45":{"start":{"line":98,"column":4},"end":{"line":98,"column":31}},"46":{"start":{"line":99,"column":4},"end":{"line":99,"column":33}},"47":{"start":{"line":102,"column":31},"end":{"line":108,"column":3}},"48":{"start":{"line":103,"column":4},"end":{"line":107,"column":6}},"49":{"start":{"line":110,"column":25},"end":{"line":116,"column":3}},"50":{"start":{"line":111,"column":4},"end":{"line":115,"column":6}},"51":{"start":{"line":118,"column":21},"end":{"line":118,"column":57}},"52":{"start":{"line":118,"column":33},"end":{"line":118,"column":56}},"53":{"start":{"line":120,"column":2},"end":{"line":144,"column":3}},"54":{"start":{"line":127,"column":6},"end":{"line":127,"column":71}},"55":{"start":{"line":127,"column":27},"end":{"line":127,"column":71}},"56":{"start":{"line":128,"column":6},"end":{"line":128,"column":75}},"57":{"start":{"line":128,"column":29},"end":{"line":128,"column":75}},"58":{"start":{"line":129,"column":19},"end":{"line":129,"column":70}},"59":{"start":{"line":130,"column":6},"end":{"line":130,"column":29}},"60":{"start":{"line":131,"column":6},"end":{"line":131,"column":48}},"61":{"start":{"line":132,"column":6},"end":{"line":132,"column":25}},"62":{"start":{"line":133,"column":6},"end":{"line":133,"column":32}},"63":{"start":{"line":135,"column":24},"end":{"line":135,"column":57}},"64":{"start":{"line":136,"column":6},"end":{"line":141,"column":8}},"65":{"start":{"line":137,"column":8},"end":{"line":140,"column":10}},"66":{"start":{"line":138,"column":10},"end":{"line":138,"column":29}},"67":{"start":{"line":139,"column":10},"end":{"line":139,"column":27}},"68":{"start":{"line":143,"column":20},"end":{"line":143,"column":25}}},"fnMap":{"0":{"name":"(anonymous_0)","decl":{"start":{"line":17,"column":19},"end":{"line":17,"column":20}},"loc":{"start":{"line":17,"column":25},"end":{"line":145,"column":1}},"line":17},"1":{"name":"(anonymous_1)","decl":{"start":{"line":29,"column":28},"end":{"line":29,"column":29}},"loc":{"start":{"line":29,"column":39},"end":{"line":42,"column":3}},"line":29},"2":{"name":"(anonymous_2)","decl":{"start":{"line":32,"column":23},"end":{"line":32,"column":24}},"loc":{"start":{"line":32,"column":35},"end":{"line":41,"column":5}},"line":32},"3":{"name":"(anonymous_3)","decl":{"start":{"line":44,"column":28},"end":{"line":44,"column":29}},"loc":{"start":{"line":44,"column":39},"end":{"line":67,"column":3}},"line":44},"4":{"name":"(anonymous_4)","decl":{"start":{"line":46,"column":31},"end":{"line":46,"column":32}},"loc":{"start":{"line":46,"column":37},"end":{"line":65,"column":5}},"line":46},"5":{"name":"(anonymous_5)","decl":{"start":{"line":51,"column":16},"end":{"line":51,"column":17}},"loc":{"start":{"line":51,"column":23},"end":{"line":55,"column":11}},"line":51},"6":{"name":"(anonymous_6)","decl":{"start":{"line":56,"column":17},"end":{"line":56,"column":18}},"loc":{"start":{"line":56,"column":22},"end":{"line":60,"column":11}},"line":56},"7":{"name":"(anonymous_7)","decl":{"start":{"line":69,"column":17},"end":{"line":69,"column":18}},"loc":{"start":{"line":69,"column":27},"end":{"line":81,"column":3}},"line":69},"8":{"name":"(anonymous_8)","decl":{"start":{"line":71,"column":33},"end":{"line":71,"column":34}},"loc":{"start":{"line":72,"column":6},"end":{"line":72,"column":64}},"line":72},"9":{"name":"(anonymous_9)","decl":{"start":{"line":72,"column":18},"end":{"line":72,"column":19}},"loc":{"start":{"line":72,"column":23},"end":{"line":72,"column":39}},"line":72},"10":{"name":"(anonymous_10)","decl":{"start":{"line":83,"column":23},"end":{"line":83,"column":24}},"loc":{"start":{"line":83,"column":32},"end":{"line":94,"column":3}},"line":83},"11":{"name":"(anonymous_11)","decl":{"start":{"line":84,"column":33},"end":{"line":84,"column":34}},"loc":{"start":{"line":84,"column":38},"end":{"line":84,"column":47}},"line":84},"12":{"name":"(anonymous_12)","decl":{"start":{"line":85,"column":57},"end":{"line":85,"column":58}},"loc":{"start":{"line":85,"column":62},"end":{"line":85,"column":84}},"line":85},"13":{"name":"(anonymous_13)","decl":{"start":{"line":96,"column":23},"end":{"line":96,"column":24}},"loc":{"start":{"line":96,"column":51},"end":{"line":100,"column":3}},"line":96},"14":{"name":"(anonymous_14)","decl":{"start":{"line":102,"column":31},"end":{"line":102,"column":32}},"loc":{"start":{"line":102,"column":51},"end":{"line":108,"column":3}},"line":102},"15":{"name":"(anonymous_15)","decl":{"start":{"line":110,"column":25},"end":{"line":110,"column":26}},"loc":{"start":{"line":110,"column":33},"end":{"line":116,"column":3}},"line":110},"16":{"name":"(anonymous_16)","decl":{"start":{"line":118,"column":21},"end":{"line":118,"column":22}},"loc":{"start":{"line":118,"column":33},"end":{"line":118,"column":56}},"line":118},"17":{"name":"(anonymous_17)","decl":{"start":{"line":121,"column":10},"end":{"line":121,"column":11}},"loc":{"start":{"line":126,"column":15},"end":{"line":142,"column":5}},"line":126},"18":{"name":"(anonymous_18)","decl":{"start":{"line":136,"column":24},"end":{"line":136,"column":25}},"loc":{"start":{"line":136,"column":33},"end":{"line":141,"column":7}},"line":136},"19":{"name":"(anonymous_19)","decl":{"start":{"line":137,"column":40},"end":{"line":137,"column":41}},"loc":{"start":{"line":137,"column":46},"end":{"line":140,"column":9}},"line":137},"20":{"name":"(anonymous_20)","decl":{"start":{"line":143,"column":14},"end":{"line":143,"column":15}},"loc":{"start":{"line":143,"column":20},"end":{"line":143,"column":25}},"line":143}},"branchMap":{"0":{"loc":{"start":{"line":36,"column":6},"end":{"line":40,"column":7}},"type":"if","locations":[{"start":{"line":36,"column":6},"end":{"line":40,"column":7}},{"start":{"line":36,"column":6},"end":{"line":40,"column":7}}],"line":36},"1":{"loc":{"start":{"line":47,"column":6},"end":{"line":64,"column":7}},"type":"if","locations":[{"start":{"line":47,"column":6},"end":{"line":64,"column":7}},{"start":{"line":47,"column":6},"end":{"line":64,"column":7}}],"line":47},"2":{"loc":{"start":{"line":74,"column":4},"end":{"line":80,"column":5}},"type":"if","locations":[{"start":{"line":74,"column":4},"end":{"line":80,"column":5}},{"start":{"line":74,"column":4},"end":{"line":80,"column":5}}],"line":74},"3":{"loc":{"start":{"line":84,"column":4},"end":{"line":93,"column":5}},"type":"if","locations":[{"start":{"line":84,"column":4},"end":{"line":93,"column":5}},{"start":{"line":84,"column":4},"end":{"line":93,"column":5}}],"line":84},"4":{"loc":{"start":{"line":121,"column":31},"end":{"line":126,"column":10}},"type":"default-arg","locations":[{"start":{"line":126,"column":8},"end":{"line":126,"column":10}}],"line":121},"5":{"loc":{"start":{"line":122,"column":6},"end":{"line":122,"column":30}},"type":"default-arg","locations":[{"start":{"line":122,"column":15},"end":{"line":122,"column":30}}],"line":122},"6":{"loc":{"start":{"line":123,"column":6},"end":{"line":123,"column":29}},"type":"default-arg","locations":[{"start":{"line":123,"column":18},"end":{"line":123,"column":29}}],"line":123},"7":{"loc":{"start":{"line":124,"column":6},"end":{"line":124,"column":47}},"type":"default-arg","locations":[{"start":{"line":124,"column":27},"end":{"line":124,"column":47}}],"line":124},"8":{"loc":{"start":{"line":125,"column":6},"end":{"line":125,"column":43}},"type":"default-arg","locations":[{"start":{"line":125,"column":25},"end":{"line":125,"column":43}}],"line":125},"9":{"loc":{"start":{"line":127,"column":6},"end":{"line":127,"column":71}},"type":"if","locations":[{"start":{"line":127,"column":6},"end":{"line":127,"column":71}},{"start":{"line":127,"column":6},"end":{"line":127,"column":71}}],"line":127},"10":{"loc":{"start":{"line":128,"column":6},"end":{"line":128,"column":75}},"type":"if","locations":[{"start":{"line":128,"column":6},"end":{"line":128,"column":75}},{"start":{"line":128,"column":6},"end":{"line":128,"column":75}}],"line":128}},"s":{"0":1,"1":11,"2":11,"3":2,"4":2,"5":2,"6":1,"7":1,"8":1,"9":1,"10":1,"11":0,"12":11,"13":7,"14":7,"15":1,"16":1,"17":1,"18":1,"19":1,"20":1,"21":1,"22":0,"23":0,"24":7,"25":11,"26":4,"27":4,"28":2,"29":2,"30":4,"31":2,"32":2,"33":2,"34":2,"35":11,"36":4,"37":2,"38":2,"39":2,"40":2,"41":2,"42":2,"43":11,"44":8,"45":8,"46":8,"47":11,"48":2,"49":11,"50":1,"51":11,"52":7,"53":11,"54":10,"55":1,"56":9,"57":1,"58":8,"59":8,"60":8,"61":7,"62":7,"63":7,"64":7,"65":35,"66":4,"67":4,"68":7},"f":{"0":11,"1":2,"2":1,"3":7,"4":1,"5":1,"6":0,"7":4,"8":2,"9":2,"10":4,"11":2,"12":2,"13":8,"14":2,"15":1,"16":7,"17":10,"18":35,"19":4,"20":7},"b":{"0":[1,0],"1":[1,0],"2":[2,2],"3":[2,2],"4":[5],"5":[6],"6":[10],"7":[10],"8":[10],"9":[1,9],"10":[1,8]},"_coverageSchema":"332fd63041d2c1bcb487cc26dd0d5f7d97098a6c","hash":"a177fa341e365fb53c722d9d11c9bf7ac95adc18"}
,"/Users/justin/Documents/emoji-feedback/src/defaults.js": {"path":"/Users/justin/Documents/emoji-feedback/src/defaults.js","statementMap":{"0":{"start":{"line":1,"column":22},"end":{"line":7,"column":1}},"1":{"start":{"line":9,"column":18},"end":{"line":9,"column":53}},"2":{"start":{"line":11,"column":27},"end":{"line":11,"column":98}},"3":{"start":{"line":13,"column":25},"end":{"line":13,"column":54}}},"fnMap":{},"branchMap":{},"s":{"0":1,"1":1,"2":1,"3":1},"f":{},"b":{},"_coverageSchema":"332fd63041d2c1bcb487cc26dd0d5f7d97098a6c","hash":"ff31e0eb224f80741bc33411caeca80ed3668db7"}
,"/Users/justin/Documents/emoji-feedback/src/domSetup.js": {"path":"/Users/justin/Documents/emoji-feedback/src/domSetup.js","statementMap":{"0":{"start":{"line":1,"column":22},"end":{"line":6,"column":1}},"1":{"start":{"line":2,"column":18},"end":{"line":2,"column":47}},"2":{"start":{"line":3,"column":2},"end":{"line":3,"column":31}},"3":{"start":{"line":4,"column":2},"end":{"line":4,"column":35}},"4":{"start":{"line":5,"column":2},"end":{"line":5,"column":16}},"5":{"start":{"line":8,"column":19},"end":{"line":13,"column":1}},"6":{"start":{"line":9,"column":12},"end":{"line":9,"column":39}},"7":{"start":{"line":10,"column":2},"end":{"line":10,"column":20}},"8":{"start":{"line":11,"column":2},"end":{"line":11,"column":31}},"9":{"start":{"line":12,"column":2},"end":{"line":12,"column":10}},"10":{"start":{"line":15,"column":27},"end":{"line":20,"column":1}},"11":{"start":{"line":16,"column":17},"end":{"line":16,"column":46}},"12":{"start":{"line":17,"column":2},"end":{"line":17,"column":32}},"13":{"start":{"line":18,"column":2},"end":{"line":18,"column":29}},"14":{"start":{"line":19,"column":2},"end":{"line":19,"column":15}},"15":{"start":{"line":22,"column":24},"end":{"line":28,"column":1}},"16":{"start":{"line":23,"column":15},"end":{"line":23,"column":45}},"17":{"start":{"line":24,"column":2},"end":{"line":24,"column":16}},"18":{"start":{"line":25,"column":2},"end":{"line":25,"column":26}},"19":{"start":{"line":26,"column":2},"end":{"line":26,"column":23}},"20":{"start":{"line":27,"column":2},"end":{"line":27,"column":13}},"21":{"start":{"line":30,"column":23},"end":{"line":38,"column":1}},"22":{"start":{"line":31,"column":19},"end":{"line":31,"column":53}},"23":{"start":{"line":32,"column":2},"end":{"line":32,"column":46}},"24":{"start":{"line":33,"column":2},"end":{"line":33,"column":22}},"25":{"start":{"line":34,"column":2},"end":{"line":34,"column":22}},"26":{"start":{"line":35,"column":2},"end":{"line":35,"column":28}},"27":{"start":{"line":36,"column":2},"end":{"line":36,"column":31}},"28":{"start":{"line":37,"column":2},"end":{"line":37,"column":17}},"29":{"start":{"line":40,"column":30},"end":{"line":48,"column":1}},"30":{"start":{"line":41,"column":22},"end":{"line":41,"column":51}},"31":{"start":{"line":42,"column":15},"end":{"line":42,"column":45}},"32":{"start":{"line":43,"column":2},"end":{"line":43,"column":52}},"33":{"start":{"line":44,"column":2},"end":{"line":44,"column":50}},"34":{"start":{"line":45,"column":2},"end":{"line":45,"column":37}},"35":{"start":{"line":46,"column":2},"end":{"line":46,"column":37}},"36":{"start":{"line":47,"column":2},"end":{"line":47,"column":20}},"37":{"start":{"line":50,"column":27},"end":{"line":79,"column":1}},"38":{"start":{"line":51,"column":23},"end":{"line":51,"column":52}},"39":{"start":{"line":52,"column":2},"end":{"line":52,"column":45}},"40":{"start":{"line":53,"column":2},"end":{"line":53,"column":38}},"41":{"start":{"line":55,"column":2},"end":{"line":55,"column":46}},"42":{"start":{"line":56,"column":23},"end":{"line":56,"column":56}},"43":{"start":{"line":57,"column":31},"end":{"line":57,"column":66}},"44":{"start":{"line":58,"column":2},"end":{"line":58,"column":46}},"45":{"start":{"line":59,"column":2},"end":{"line":59,"column":49}},"46":{"start":{"line":60,"column":2},"end":{"line":60,"column":46}},"47":{"start":{"line":62,"column":15},"end":{"line":62,"column":45}},"48":{"start":{"line":63,"column":19},"end":{"line":63,"column":42}},"49":{"start":{"line":64,"column":22},"end":{"line":64,"column":52}},"50":{"start":{"line":66,"column":2},"end":{"line":66,"column":28}},"51":{"start":{"line":67,"column":2},"end":{"line":67,"column":31}},"52":{"start":{"line":69,"column":23},"end":{"line":69,"column":69}},"53":{"start":{"line":70,"column":2},"end":{"line":70,"column":47}},"54":{"start":{"line":71,"column":2},"end":{"line":71,"column":57}},"55":{"start":{"line":73,"column":2},"end":{"line":73,"column":40}},"56":{"start":{"line":74,"column":2},"end":{"line":74,"column":48}},"57":{"start":{"line":75,"column":2},"end":{"line":75,"column":32}},"58":{"start":{"line":76,"column":2},"end":{"line":76,"column":40}},"59":{"start":{"line":78,"column":2},"end":{"line":78,"column":21}},"60":{"start":{"line":81,"column":28},"end":{"line":104,"column":1}},"61":{"start":{"line":82,"column":16},"end":{"line":82,"column":48}},"62":{"start":{"line":83,"column":2},"end":{"line":83,"column":77}},"63":{"start":{"line":83,"column":14},"end":{"line":83,"column":77}},"64":{"start":{"line":84,"column":31},"end":{"line":84,"column":53}},"65":{"start":{"line":85,"column":20},"end":{"line":85,"column":46}},"66":{"start":{"line":87,"column":2},"end":{"line":87,"column":45}},"67":{"start":{"line":89,"column":2},"end":{"line":98,"column":4}},"68":{"start":{"line":90,"column":24},"end":{"line":90,"column":60}},"69":{"start":{"line":91,"column":4},"end":{"line":91,"column":39}},"70":{"start":{"line":92,"column":4},"end":{"line":92,"column":58}},"71":{"start":{"line":93,"column":4},"end":{"line":93,"column":41}},"72":{"start":{"line":94,"column":4},"end":{"line":94,"column":43}},"73":{"start":{"line":95,"column":22},"end":{"line":95,"column":56}},"74":{"start":{"line":96,"column":4},"end":{"line":96,"column":38}},"75":{"start":{"line":97,"column":4},"end":{"line":97,"column":49}},"76":{"start":{"line":100,"column":2},"end":{"line":100,"column":69}},"77":{"start":{"line":101,"column":2},"end":{"line":101,"column":58}},"78":{"start":{"line":103,"column":2},"end":{"line":103,"column":41}},"79":{"start":{"line":106,"column":22},"end":{"line":119,"column":1}},"80":{"start":{"line":107,"column":18},"end":{"line":107,"column":47}},"81":{"start":{"line":108,"column":2},"end":{"line":108,"column":35}},"82":{"start":{"line":109,"column":2},"end":{"line":109,"column":33}},"83":{"start":{"line":110,"column":2},"end":{"line":110,"column":33}},"84":{"start":{"line":112,"column":2},"end":{"line":117,"column":3}},"85":{"start":{"line":113,"column":19},"end":{"line":113,"column":48}},"86":{"start":{"line":114,"column":4},"end":{"line":114,"column":36}},"87":{"start":{"line":115,"column":4},"end":{"line":115,"column":41}},"88":{"start":{"line":116,"column":4},"end":{"line":116,"column":31}},"89":{"start":{"line":118,"column":2},"end":{"line":118,"column":16}},"90":{"start":{"line":121,"column":30},"end":{"line":135,"column":1}},"91":{"start":{"line":122,"column":26},"end":{"line":122,"column":55}},"92":{"start":{"line":123,"column":2},"end":{"line":123,"column":50}},"93":{"start":{"line":124,"column":2},"end":{"line":124,"column":41}},"94":{"start":{"line":125,"column":2},"end":{"line":125,"column":45}},"95":{"start":{"line":127,"column":17},"end":{"line":127,"column":33}},"96":{"start":{"line":128,"column":2},"end":{"line":128,"column":29}},"97":{"start":{"line":129,"column":19},"end":{"line":129,"column":64}},"98":{"start":{"line":130,"column":2},"end":{"line":130,"column":33}},"99":{"start":{"line":131,"column":2},"end":{"line":131,"column":37}},"100":{"start":{"line":132,"column":2},"end":{"line":132,"column":39}},"101":{"start":{"line":134,"column":2},"end":{"line":134,"column":24}},"102":{"start":{"line":137,"column":30},"end":{"line":141,"column":1}},"103":{"start":{"line":138,"column":26},"end":{"line":138,"column":56}},"104":{"start":{"line":139,"column":16},"end":{"line":139,"column":48}},"105":{"start":{"line":140,"column":2},"end":{"line":140,"column":36}},"106":{"start":{"line":143,"column":28},"end":{"line":147,"column":1}},"107":{"start":{"line":144,"column":16},"end":{"line":144,"column":48}},"108":{"start":{"line":145,"column":31},"end":{"line":145,"column":76}},"109":{"start":{"line":146,"column":2},"end":{"line":146,"column":41}}},"fnMap":{"0":{"name":"(anonymous_0)","decl":{"start":{"line":1,"column":22},"end":{"line":1,"column":23}},"loc":{"start":{"line":1,"column":33},"end":{"line":6,"column":1}},"line":1},"1":{"name":"(anonymous_1)","decl":{"start":{"line":8,"column":19},"end":{"line":8,"column":20}},"loc":{"start":{"line":8,"column":27},"end":{"line":13,"column":1}},"line":8},"2":{"name":"(anonymous_2)","decl":{"start":{"line":15,"column":27},"end":{"line":15,"column":28}},"loc":{"start":{"line":15,"column":44},"end":{"line":20,"column":1}},"line":15},"3":{"name":"(anonymous_3)","decl":{"start":{"line":22,"column":24},"end":{"line":22,"column":25}},"loc":{"start":{"line":22,"column":39},"end":{"line":28,"column":1}},"line":22},"4":{"name":"(anonymous_4)","decl":{"start":{"line":30,"column":23},"end":{"line":30,"column":24}},"loc":{"start":{"line":30,"column":34},"end":{"line":38,"column":1}},"line":30},"5":{"name":"(anonymous_5)","decl":{"start":{"line":40,"column":30},"end":{"line":40,"column":31}},"loc":{"start":{"line":40,"column":41},"end":{"line":48,"column":1}},"line":40},"6":{"name":"(anonymous_6)","decl":{"start":{"line":50,"column":27},"end":{"line":50,"column":28}},"loc":{"start":{"line":50,"column":46},"end":{"line":79,"column":1}},"line":50},"7":{"name":"(anonymous_7)","decl":{"start":{"line":81,"column":28},"end":{"line":81,"column":29}},"loc":{"start":{"line":81,"column":55},"end":{"line":104,"column":1}},"line":81},"8":{"name":"(anonymous_8)","decl":{"start":{"line":89,"column":17},"end":{"line":89,"column":18}},"loc":{"start":{"line":89,"column":47},"end":{"line":98,"column":3}},"line":89},"9":{"name":"(anonymous_9)","decl":{"start":{"line":106,"column":22},"end":{"line":106,"column":23}},"loc":{"start":{"line":106,"column":33},"end":{"line":119,"column":1}},"line":106},"10":{"name":"(anonymous_10)","decl":{"start":{"line":121,"column":30},"end":{"line":121,"column":31}},"loc":{"start":{"line":121,"column":41},"end":{"line":135,"column":1}},"line":121},"11":{"name":"(anonymous_11)","decl":{"start":{"line":137,"column":30},"end":{"line":137,"column":31}},"loc":{"start":{"line":137,"column":41},"end":{"line":141,"column":1}},"line":137},"12":{"name":"(anonymous_12)","decl":{"start":{"line":143,"column":28},"end":{"line":143,"column":29}},"loc":{"start":{"line":143,"column":39},"end":{"line":147,"column":1}},"line":143}},"branchMap":{"0":{"loc":{"start":{"line":83,"column":2},"end":{"line":83,"column":77}},"type":"if","locations":[{"start":{"line":83,"column":2},"end":{"line":83,"column":77}},{"start":{"line":83,"column":2},"end":{"line":83,"column":77}}],"line":83}},"s":{"0":1,"1":7,"2":7,"3":7,"4":7,"5":1,"6":30,"7":30,"8":30,"9":30,"10":1,"11":42,"12":42,"13":42,"14":42,"15":1,"16":35,"17":35,"18":35,"19":35,"20":35,"21":1,"22":7,"23":7,"24":7,"25":7,"26":7,"27":7,"28":7,"29":1,"30":7,"31":7,"32":7,"33":7,"34":7,"35":7,"36":7,"37":1,"38":7,"39":7,"40":7,"41":7,"42":7,"43":7,"44":7,"45":7,"46":7,"47":7,"48":7,"49":7,"50":7,"51":7,"52":7,"53":7,"54":7,"55":7,"56":7,"57":7,"58":7,"59":7,"60":1,"61":8,"62":8,"63":1,"64":7,"65":7,"66":7,"67":7,"68":35,"69":35,"70":35,"71":35,"72":35,"73":35,"74":35,"75":35,"76":7,"77":7,"78":7,"79":1,"80":7,"81":7,"82":7,"83":7,"84":7,"85":84,"86":84,"87":84,"88":84,"89":7,"90":1,"91":1,"92":1,"93":1,"94":1,"95":1,"96":1,"97":1,"98":1,"99":1,"100":1,"101":1,"102":1,"103":1,"104":1,"105":1,"106":1,"107":1,"108":1,"109":1},"f":{"0":7,"1":30,"2":42,"3":35,"4":7,"5":7,"6":7,"7":8,"8":35,"9":7,"10":1,"11":1,"12":1},"b":{"0":[1,7]},"_coverageSchema":"332fd63041d2c1bcb487cc26dd0d5f7d97098a6c","hash":"99a7f666696708a19171972c1dce831ad9dcba69"}
,"/Users/justin/Documents/emoji-feedback/src/util.js": {"path":"/Users/justin/Documents/emoji-feedback/src/util.js","statementMap":{"0":{"start":{"line":2,"column":20},"end":{"line":2,"column":86}},"1":{"start":{"line":2,"column":31},"end":{"line":2,"column":86}},"2":{"start":{"line":4,"column":21},"end":{"line":8,"column":1}},"3":{"start":{"line":5,"column":2},"end":{"line":7,"column":3}},"4":{"start":{"line":6,"column":4},"end":{"line":6,"column":36}},"5":{"start":{"line":9,"column":20},"end":{"line":9,"column":74}},"6":{"start":{"line":9,"column":30},"end":{"line":9,"column":74}},"7":{"start":{"line":9,"column":54},"end":{"line":9,"column":73}},"8":{"start":{"line":11,"column":25},"end":{"line":12,"column":79}},"9":{"start":{"line":12,"column":2},"end":{"line":12,"column":79}},"10":{"start":{"line":12,"column":30},"end":{"line":12,"column":78}},"11":{"start":{"line":14,"column":29},"end":{"line":15,"column":100}},"12":{"start":{"line":15,"column":3},"end":{"line":15,"column":99}},"13":{"start":{"line":17,"column":19},"end":{"line":20,"column":1}},"14":{"start":{"line":18,"column":18},"end":{"line":18,"column":49}},"15":{"start":{"line":19,"column":2},"end":{"line":19,"column":34}},"16":{"start":{"line":22,"column":24},"end":{"line":25,"column":1}},"17":{"start":{"line":23,"column":18},"end":{"line":23,"column":49}},"18":{"start":{"line":24,"column":2},"end":{"line":24,"column":37}}},"fnMap":{"0":{"name":"(anonymous_0)","decl":{"start":{"line":2,"column":20},"end":{"line":2,"column":21}},"loc":{"start":{"line":2,"column":31},"end":{"line":2,"column":86}},"line":2},"1":{"name":"(anonymous_1)","decl":{"start":{"line":4,"column":21},"end":{"line":4,"column":22}},"loc":{"start":{"line":4,"column":30},"end":{"line":8,"column":1}},"line":4},"2":{"name":"(anonymous_2)","decl":{"start":{"line":9,"column":20},"end":{"line":9,"column":21}},"loc":{"start":{"line":9,"column":30},"end":{"line":9,"column":74}},"line":9},"3":{"name":"(anonymous_3)","decl":{"start":{"line":9,"column":45},"end":{"line":9,"column":46}},"loc":{"start":{"line":9,"column":54},"end":{"line":9,"column":73}},"line":9},"4":{"name":"(anonymous_4)","decl":{"start":{"line":11,"column":25},"end":{"line":11,"column":26}},"loc":{"start":{"line":12,"column":2},"end":{"line":12,"column":79}},"line":12},"5":{"name":"(anonymous_5)","decl":{"start":{"line":12,"column":13},"end":{"line":12,"column":14}},"loc":{"start":{"line":12,"column":30},"end":{"line":12,"column":78}},"line":12},"6":{"name":"(anonymous_6)","decl":{"start":{"line":14,"column":29},"end":{"line":14,"column":30}},"loc":{"start":{"line":15,"column":3},"end":{"line":15,"column":99}},"line":15},"7":{"name":"(anonymous_7)","decl":{"start":{"line":17,"column":19},"end":{"line":17,"column":20}},"loc":{"start":{"line":17,"column":42},"end":{"line":20,"column":1}},"line":17},"8":{"name":"(anonymous_8)","decl":{"start":{"line":22,"column":24},"end":{"line":22,"column":25}},"loc":{"start":{"line":22,"column":47},"end":{"line":25,"column":1}},"line":22}},"branchMap":{"0":{"loc":{"start":{"line":5,"column":2},"end":{"line":7,"column":3}},"type":"if","locations":[{"start":{"line":5,"column":2},"end":{"line":7,"column":3}},{"start":{"line":5,"column":2},"end":{"line":7,"column":3}}],"line":5}},"s":{"0":1,"1":2,"2":1,"3":20,"4":0,"5":1,"6":4,"7":20,"8":1,"9":7,"10":35,"11":1,"12":1,"13":1,"14":5,"15":5,"16":1,"17":3,"18":3},"f":{"0":2,"1":20,"2":4,"3":20,"4":7,"5":35,"6":1,"7":5,"8":3},"b":{"0":[0,20]},"_coverageSchema":"332fd63041d2c1bcb487cc26dd0d5f7d97098a6c","hash":"2103e24680906bd2a519b226c487948e954c9d16"}
,"/Users/justin/Documents/emoji-feedback/test/setupJest.js": {"path":"/Users/justin/Documents/emoji-feedback/test/setupJest.js","statementMap":{"0":{"start":{"line":1,"column":0},"end":{"line":1,"column":41}}},"fnMap":{},"branchMap":{},"s":{"0":2},"f":{},"b":{},"_coverageSchema":"332fd63041d2c1bcb487cc26dd0d5f7d97098a6c","hash":"e0ee7479ebc4fc7af578585bce229518feca6661"}
}
