TN:
SF:/Users/justin/Documents/emoji-feedback/src/app.js
FN:17,(anonymous_0)
FN:29,(anonymous_1)
FN:32,(anonymous_2)
FN:44,(anonymous_3)
FN:46,(anonymous_4)
FN:51,(anonymous_5)
FN:56,(anonymous_6)
FN:69,(anonymous_7)
FN:71,(anonymous_8)
FN:72,(anonymous_9)
FN:83,(anonymous_10)
FN:84,(anonymous_11)
FN:85,(anonymous_12)
FN:96,(anonymous_13)
FN:102,(anonymous_14)
FN:110,(anonymous_15)
FN:118,(anonymous_16)
FN:121,(anonymous_17)
FN:136,(anonymous_18)
FN:137,(anonymous_19)
FN:143,(anonymous_20)
FNF:21
FNH:16
FNDA:9,(anonymous_0)
FNDA:1,(anonymous_1)
FNDA:0,(anonymous_2)
FNDA:5,(anonymous_3)
FNDA:0,(anonymous_4)
FNDA:0,(anonymous_5)
FNDA:0,(anonymous_6)
FNDA:2,(anonymous_7)
FNDA:1,(anonymous_8)
FNDA:1,(anonymous_9)
FNDA:2,(anonymous_10)
FNDA:1,(anonymous_11)
FNDA:1,(anonymous_12)
FNDA:5,(anonymous_13)
FNDA:1,(anonymous_14)
FNDA:0,(anonymous_15)
FNDA:5,(anonymous_16)
FNDA:7,(anonymous_17)
FNDA:25,(anonymous_18)
FNDA:2,(anonymous_19)
FNDA:6,(anonymous_20)
DA:17,1
DA:18,9
DA:29,9
DA:30,1
DA:31,1
DA:32,1
DA:33,0
DA:34,0
DA:35,0
DA:36,0
DA:37,0
DA:39,0
DA:44,9
DA:45,5
DA:46,5
DA:47,0
DA:48,0
DA:49,0
DA:50,0
DA:52,0
DA:53,0
DA:54,0
DA:58,0
DA:59,0
DA:66,5
DA:69,9
DA:70,2
DA:71,2
DA:72,1
DA:74,2
DA:75,1
DA:76,1
DA:77,1
DA:79,1
DA:83,9
DA:84,2
DA:85,1
DA:87,1
DA:88,1
DA:89,1
DA:96,9
DA:97,5
DA:98,5
DA:99,5
DA:102,9
DA:103,1
DA:110,9
DA:111,0
DA:118,9
DA:120,9
DA:127,7
DA:128,6
DA:129,5
DA:130,5
DA:131,5
DA:132,5
DA:133,5
DA:135,5
DA:136,5
DA:137,25
DA:138,2
DA:139,2
DA:143,6
LF:63
LH:47
BRDA:36,0,0,0
BRDA:36,0,1,0
BRDA:47,1,0,0
BRDA:47,1,1,0
BRDA:74,2,0,1
BRDA:74,2,1,1
BRDA:84,3,0,1
BRDA:84,3,1,1
BRDA:121,4,0,4
BRDA:122,5,0,5
BRDA:123,6,0,7
BRDA:124,7,0,7
BRDA:125,8,0,7
BRDA:127,9,0,1
BRDA:127,9,1,6
BRDA:128,10,0,1
BRDA:128,10,1,5
BRF:17
BRH:13
end_of_record
TN:
SF:/Users/justin/Documents/emoji-feedback/src/constants.js
FNF:0
FNH:0
DA:1,1
DA:9,1
DA:11,1
DA:13,1
LF:4
LH:4
BRF:0
BRH:0
end_of_record
TN:
SF:/Users/justin/Documents/emoji-feedback/src/domSetup.js
FN:1,(anonymous_0)
FN:8,(anonymous_1)
FN:15,(anonymous_2)
FN:22,(anonymous_3)
FN:30,(anonymous_4)
FN:40,(anonymous_5)
FN:50,(anonymous_6)
FN:81,(anonymous_7)
FN:88,(anonymous_8)
FN:105,(anonymous_9)
FN:120,(anonymous_10)
FN:136,(anonymous_11)
FN:142,(anonymous_12)
FNF:13
FNH:10
FNDA:5,(anonymous_0)
FNDA:20,(anonymous_1)
FNDA:30,(anonymous_2)
FNDA:25,(anonymous_3)
FNDA:5,(anonymous_4)
FNDA:5,(anonymous_5)
FNDA:5,(anonymous_6)
FNDA:5,(anonymous_7)
FNDA:25,(anonymous_8)
FNDA:5,(anonymous_9)
FNDA:0,(anonymous_10)
FNDA:0,(anonymous_11)
FNDA:0,(anonymous_12)
DA:1,1
DA:2,5
DA:3,5
DA:4,5
DA:5,5
DA:8,1
DA:9,20
DA:10,20
DA:11,20
DA:12,20
DA:15,1
DA:16,30
DA:17,30
DA:18,30
DA:19,30
DA:22,1
DA:23,25
DA:24,25
DA:25,25
DA:26,25
DA:27,25
DA:30,1
DA:31,5
DA:32,5
DA:33,5
DA:34,5
DA:35,5
DA:36,5
DA:37,5
DA:40,1
DA:41,5
DA:42,5
DA:43,5
DA:44,5
DA:45,5
DA:46,5
DA:47,5
DA:50,1
DA:51,5
DA:52,5
DA:53,5
DA:55,5
DA:56,5
DA:57,5
DA:58,5
DA:59,5
DA:60,5
DA:62,5
DA:63,5
DA:64,5
DA:66,5
DA:67,5
DA:69,5
DA:70,5
DA:71,5
DA:73,5
DA:74,5
DA:75,5
DA:76,5
DA:78,5
DA:81,1
DA:82,5
DA:83,5
DA:84,5
DA:86,5
DA:88,5
DA:89,25
DA:90,25
DA:91,25
DA:92,25
DA:93,25
DA:94,25
DA:95,25
DA:96,25
DA:99,5
DA:100,5
DA:102,5
DA:105,1
DA:106,5
DA:107,5
DA:108,5
DA:109,5
DA:111,5
DA:112,60
DA:113,60
DA:114,60
DA:115,60
DA:117,5
DA:120,1
DA:121,0
DA:122,0
DA:123,0
DA:124,0
DA:126,0
DA:127,0
DA:128,0
DA:129,0
DA:130,0
DA:131,0
DA:133,0
DA:136,1
DA:137,0
DA:138,0
DA:139,0
DA:142,1
DA:143,0
DA:144,0
DA:145,0
LF:108
LH:91
BRF:0
BRH:0
end_of_record
TN:
SF:/Users/justin/Documents/emoji-feedback/src/util.js
FN:2,(anonymous_0)
FN:4,(anonymous_1)
FN:9,(anonymous_2)
FN:9,(anonymous_3)
FN:11,(anonymous_4)
FN:12,(anonymous_5)
FN:14,(anonymous_6)
FN:16,(anonymous_7)
FN:21,(anonymous_8)
FNF:9
FNH:8
FNDA:1,(anonymous_0)
FNDA:10,(anonymous_1)
FNDA:2,(anonymous_2)
FNDA:10,(anonymous_3)
FNDA:5,(anonymous_4)
FNDA:25,(anonymous_5)
FNDA:0,(anonymous_6)
FNDA:1,(anonymous_7)
FNDA:1,(anonymous_8)
DA:2,1
DA:4,1
DA:5,10
DA:6,0
DA:9,10
DA:11,1
DA:12,25
DA:14,1
DA:16,1
DA:17,1
DA:18,1
DA:21,1
DA:22,1
DA:23,1
LF:14
LH:13
BRDA:5,0,0,0
BRDA:5,0,1,10
BRF:2
BRH:1
end_of_record
TN:
SF:/Users/justin/Documents/emoji-feedback/test/setupJest.js
FNF:0
FNH:0
DA:1,2
LF:1
LH:1
BRF:0
BRH:0
end_of_record
