TN:
SF:/Users/justin/Documents/emoji-feedback/src/app.js
FN:17,(anonymous_0)
FN:29,(anonymous_1)
FN:32,(anonymous_2)
FN:45,(anonymous_3)
FN:47,(anonymous_4)
FN:52,(anonymous_5)
FN:57,(anonymous_6)
FN:70,(anonymous_7)
FN:72,(anonymous_8)
FN:73,(anonymous_9)
FN:84,(anonymous_10)
FN:85,(anonymous_11)
FN:86,(anonymous_12)
FN:97,(anonymous_13)
FN:103,(anonymous_14)
FN:111,(anonymous_15)
FN:119,(anonymous_16)
FN:122,(anonymous_17)
FN:137,(anonymous_18)
FN:138,(anonymous_19)
FN:144,(anonymous_20)
FNF:21
FNH:20
FNDA:13,(anonymous_0)
FNDA:4,(anonymous_1)
FNDA:4,(anonymous_2)
FNDA:8,(anonymous_3)
FNDA:1,(anonymous_4)
FNDA:1,(anonymous_5)
FNDA:0,(anonymous_6)
FNDA:5,(anonymous_7)
FNDA:4,(anonymous_8)
FNDA:4,(anonymous_9)
FNDA:5,(anonymous_10)
FNDA:1,(anonymous_11)
FNDA:1,(anonymous_12)
FNDA:9,(anonymous_13)
FNDA:4,(anonymous_14)
FNDA:1,(anonymous_15)
FNDA:8,(anonymous_16)
FNDA:11,(anonymous_17)
FNDA:40,(anonymous_18)
FNDA:5,(anonymous_19)
FNDA:8,(anonymous_20)
DA:17,1
DA:18,13
DA:29,13
DA:30,4
DA:31,4
DA:32,4
DA:33,4
DA:34,4
DA:36,4
DA:37,4
DA:38,3
DA:40,1
DA:45,13
DA:46,8
DA:47,8
DA:48,1
DA:49,1
DA:50,1
DA:51,1
DA:53,1
DA:54,1
DA:55,1
DA:59,0
DA:60,0
DA:67,8
DA:70,13
DA:71,5
DA:72,5
DA:73,4
DA:75,5
DA:76,4
DA:77,4
DA:78,4
DA:80,1
DA:84,13
DA:85,5
DA:86,1
DA:88,4
DA:89,4
DA:90,4
DA:97,13
DA:98,9
DA:99,9
DA:100,9
DA:103,13
DA:104,4
DA:111,13
DA:112,1
DA:119,13
DA:121,13
DA:128,11
DA:129,10
DA:130,9
DA:131,9
DA:132,9
DA:133,8
DA:134,8
DA:136,8
DA:137,8
DA:138,40
DA:139,5
DA:140,5
DA:144,8
LF:63
LH:61
BRDA:37,0,0,3
BRDA:37,0,1,1
BRDA:48,1,0,1
BRDA:48,1,1,0
BRDA:75,2,0,4
BRDA:75,2,1,1
BRDA:85,3,0,1
BRDA:85,3,1,4
BRDA:122,4,0,5
BRDA:123,5,0,6
BRDA:124,6,0,11
BRDA:125,7,0,11
BRDA:126,8,0,11
BRDA:128,9,0,1
BRDA:128,9,1,10
BRDA:129,10,0,1
BRDA:129,10,1,9
BRF:17
BRH:16
end_of_record
TN:
SF:/Users/justin/Documents/emoji-feedback/src/defaults.js
FNF:0
FNH:0
DA:1,1
DA:9,1
DA:11,1
DA:13,1
LF:4
LH:4
BRF:0
BRH:0
end_of_record
TN:
SF:/Users/justin/Documents/emoji-feedback/src/domSetup.js
FN:1,(anonymous_0)
FN:8,(anonymous_1)
FN:15,(anonymous_2)
FN:22,(anonymous_3)
FN:30,(anonymous_4)
FN:40,(anonymous_5)
FN:50,(anonymous_6)
FN:81,(anonymous_7)
FN:89,(anonymous_8)
FN:106,(anonymous_9)
FN:121,(anonymous_10)
FN:137,(anonymous_11)
FN:143,(anonymous_12)
FNF:13
FNH:13
FNDA:8,(anonymous_0)
FNDA:34,(anonymous_1)
FNDA:48,(anonymous_2)
FNDA:40,(anonymous_3)
FNDA:8,(anonymous_4)
FNDA:8,(anonymous_5)
FNDA:8,(anonymous_6)
FNDA:9,(anonymous_7)
FNDA:40,(anonymous_8)
FNDA:8,(anonymous_9)
FNDA:1,(anonymous_10)
FNDA:1,(anonymous_11)
FNDA:1,(anonymous_12)
DA:1,1
DA:2,8
DA:3,8
DA:4,8
DA:5,8
DA:8,1
DA:9,34
DA:10,34
DA:11,34
DA:12,34
DA:15,1
DA:16,48
DA:17,48
DA:18,48
DA:19,48
DA:22,1
DA:23,40
DA:24,40
DA:25,40
DA:26,40
DA:27,40
DA:30,1
DA:31,8
DA:32,8
DA:33,8
DA:34,8
DA:35,8
DA:36,8
DA:37,8
DA:40,1
DA:41,8
DA:42,8
DA:43,8
DA:44,8
DA:45,8
DA:46,8
DA:47,8
DA:50,1
DA:51,8
DA:52,8
DA:53,8
DA:55,8
DA:56,8
DA:57,8
DA:58,8
DA:59,8
DA:60,8
DA:62,8
DA:63,8
DA:64,8
DA:66,8
DA:67,8
DA:69,8
DA:70,8
DA:71,8
DA:73,8
DA:74,8
DA:75,8
DA:76,8
DA:78,8
DA:81,1
DA:82,9
DA:83,9
DA:84,8
DA:85,8
DA:87,8
DA:89,8
DA:90,40
DA:91,40
DA:92,40
DA:93,40
DA:94,40
DA:95,40
DA:96,40
DA:97,40
DA:100,8
DA:101,8
DA:103,8
DA:106,1
DA:107,8
DA:108,8
DA:109,8
DA:110,8
DA:112,8
DA:113,96
DA:114,96
DA:115,96
DA:116,96
DA:118,8
DA:121,1
DA:122,1
DA:123,1
DA:124,1
DA:125,1
DA:127,1
DA:128,1
DA:129,1
DA:130,1
DA:131,1
DA:132,1
DA:134,1
DA:137,1
DA:138,1
DA:139,1
DA:140,1
DA:143,1
DA:144,1
DA:145,1
DA:146,1
LF:109
LH:109
BRDA:83,0,0,1
BRDA:83,0,1,8
BRF:2
BRH:2
end_of_record
TN:
SF:/Users/justin/Documents/emoji-feedback/src/util.js
FN:2,(anonymous_0)
FN:4,(anonymous_1)
FN:9,(anonymous_2)
FN:9,(anonymous_3)
FN:11,(anonymous_4)
FN:12,(anonymous_5)
FN:14,(anonymous_6)
FN:17,(anonymous_7)
FN:22,(anonymous_8)
FNF:9
FNH:9
FNDA:4,(anonymous_0)
FNDA:25,(anonymous_1)
FNDA:5,(anonymous_2)
FNDA:25,(anonymous_3)
FNDA:8,(anonymous_4)
FNDA:40,(anonymous_5)
FNDA:4,(anonymous_6)
FNDA:6,(anonymous_7)
FNDA:6,(anonymous_8)
DA:2,4
DA:4,1
DA:5,25
DA:6,0
DA:9,25
DA:11,1
DA:12,40
DA:14,1
DA:15,4
DA:17,1
DA:18,6
DA:19,6
DA:22,1
DA:23,6
DA:24,6
LF:15
LH:14
BRDA:5,0,0,0
BRDA:5,0,1,25
BRF:2
BRH:1
end_of_record
TN:
SF:/Users/justin/Documents/emoji-feedback/test/setupJest.js
FNF:0
FNH:0
DA:1,2
LF:1
LH:1
BRF:0
BRH:0
end_of_record
